0 info it worked if it ends with ok
1 verbose cli [ '/usr/bin/node',
1 verbose cli   '/usr/bin/npm',
1 verbose cli   'start',
1 verbose cli   '/home/ec2-user/walgreen/uixx/src' ]
2 info using npm@3.10.10
3 info using node@v6.17.1
4 verbose run-script [ 'prestart', 'start', 'poststart' ]
5 info lifecycle dm-app@0.0.1~prestart: dm-app@0.0.1
6 silly lifecycle dm-app@0.0.1~prestart: no script for prestart, continuing
7 info lifecycle dm-app@0.0.1~start: dm-app@0.0.1
8 verbose lifecycle dm-app@0.0.1~start: unsafe-perm in lifecycle true
9 verbose lifecycle dm-app@0.0.1~start: PATH: /usr/lib/node_modules/npm/bin/node-gyp-bin:/home/ec2-user/walgreen/uixx/node_modules/.bin:/usr/local/bin:/usr/bin:/usr/local/sbin:/usr/sbin:/home/ec2-user/.local/bin:/home/ec2-user/bin
10 verbose lifecycle dm-app@0.0.1~start: CWD: /home/ec2-user/walgreen/uixx
11 silly lifecycle dm-app@0.0.1~start: Args: [ '-c',
11 silly lifecycle   'node ./scripts/start.js "/home/ec2-user/walgreen/uixx/src"' ]
12 silly lifecycle dm-app@0.0.1~start: Returned: code: 1  signal: null
13 info lifecycle dm-app@0.0.1~start: Failed to exec start script
14 verbose stack Error: dm-app@0.0.1 start: `node ./scripts/start.js "/home/ec2-user/walgreen/uixx/src"`
14 verbose stack Exit status 1
14 verbose stack     at EventEmitter.<anonymous> (/usr/lib/node_modules/npm/lib/utils/lifecycle.js:255:16)
14 verbose stack     at emitTwo (events.js:106:13)
14 verbose stack     at EventEmitter.emit (events.js:191:7)
14 verbose stack     at ChildProcess.<anonymous> (/usr/lib/node_modules/npm/lib/utils/spawn.js:40:14)
14 verbose stack     at emitTwo (events.js:106:13)
14 verbose stack     at ChildProcess.emit (events.js:191:7)
14 verbose stack     at maybeClose (internal/child_process.js:920:16)
14 verbose stack     at Process.ChildProcess._handle.onexit (internal/child_process.js:230:5)
15 verbose pkgid dm-app@0.0.1
16 verbose cwd /home/ec2-user/walgreen/uixx/src
17 error Linux 4.14.121-109.96.amzn2.x86_64
18 error argv "/usr/bin/node" "/usr/bin/npm" "start" "/home/ec2-user/walgreen/uixx/src"
19 error node v6.17.1
20 error npm  v3.10.10
21 error code ELIFECYCLE
22 error dm-app@0.0.1 start: `node ./scripts/start.js "/home/ec2-user/walgreen/uixx/src"`
22 error Exit status 1
23 error Failed at the dm-app@0.0.1 start script 'node ./scripts/start.js "/home/ec2-user/walgreen/uixx/src"'.
23 error Make sure you have the latest version of node.js and npm installed.
23 error If you do, this is most likely a problem with the dm-app package,
23 error not with npm itself.
23 error Tell the author that this fails on your system:
23 error     node ./scripts/start.js "/home/ec2-user/walgreen/uixx/src"
23 error You can get information on how to open an issue for this project with:
23 error     npm bugs dm-app
23 error Or if that isn't available, you can get their info via:
23 error     npm owner ls dm-app
23 error There is likely additional logging output above.
24 verbose exit [ 1, true ]
